# JRE version: OpenJDK Runtime Environment (17.0.9) (build 17.0.9+0--11185874)
# Java VM: OpenJDK 64-Bit Server VM (17.0.9+0--11185874, mixed mode, tiered, compressed oops, compressed class ptrs, g1 gc, windows-amd64)
GC Precious Log:
 CPUs: 8 total, 8 available
 Memory: 7967M
 Large Page Support: Disabled
 NUMA Support: Disabled
 Compressed Oops: Enabled (32-bit)
 Heap Region Size: 1M
 Heap Min Capacity: 8M
 Heap Initial Capacity: 126M
 Heap Max Capacity: 2G
 Pre-touch: Disabled
 Parallel Workers: 8
 Concurrent Workers: 2
 Concurrent Refinement Workers: 8
 Periodic GC: Disabled
Heap:
 garbage-first heap   total 550912K, used 451531K [0x0000000080000000, 0x0000000100000000)
  region size 1024K, 85 young (87040K), 2 survivors (2048K)
 Metaspace       used 137518K, committed 138560K, reserved 1179648K
  class space    used 18766K, committed 19264K, reserved 1048576K
GC Heap History (20 events):
Event: 21.415 GC heap before
{Heap before GC invocations=42 (full 0):
 garbage-first heap   total 405504K, used 266280K [0x0000000080000000, 0x0000000100000000)
  region size 1024K, 78 young (79872K), 21 survivors (21504K)
 Metaspace       used 113778K, committed 114496K, reserved 1179648K
  class space    used 15848K, committed 16192K, reserved 1048576K
}
Event: 21.464 GC heap after
{Heap after GC invocations=43 (full 0):
 garbage-first heap   total 405504K, used 239616K [0x0000000080000000, 0x0000000100000000)
  region size 1024K, 15 young (15360K), 15 survivors (15360K)
 Metaspace       used 113778K, committed 114496K, reserved 1179648K
  class space    used 15848K, committed 16192K, reserved 1048576K
}
Event: 22.336 GC heap before
{Heap before GC invocations=44 (full 0):
 garbage-first heap   total 486400K, used 306176K [0x0000000080000000, 0x0000000100000000)
  region size 1024K, 81 young (82944K), 15 survivors (15360K)
 Metaspace       used 115421K, committed 116160K, reserved 1179648K
  class space    used 16106K, committed 16448K, reserved 1048576K
}
Event: 22.371 GC heap after
{Heap after GC invocations=45 (full 0):
 garbage-first heap   total 486400K, used 267776K [0x0000000080000000, 0x0000000100000000)
  region size 1024K, 11 young (11264K), 11 survivors (11264K)
 Metaspace       used 115421K, committed 116160K, reserved 1179648K
  class space    used 16106K, committed 16448K, reserved 1048576K
}
Event: 22.945 GC heap before
{Heap before GC invocations=45 (full 0):
 garbage-first heap   total 486400K, used 279040K [0x0000000080000000, 0x0000000100000000)
  region size 1024K, 23 young (23552K), 11 survivors (11264K)
 Metaspace       used 116972K, committed 117696K, reserved 1179648K
  class space    used 16297K, committed 16640K, reserved 1048576K
}
Event: 22.961 GC heap after
{Heap after GC invocations=46 (full 0):
 garbage-first heap   total 486400K, used 268800K [0x0000000080000000, 0x0000000100000000)
  region size 1024K, 2 young (2048K), 2 survivors (2048K)
 Metaspace       used 116972K, committed 117696K, reserved 1179648K
  class space    used 16297K, committed 16640K, reserved 1048576K
}
Event: 23.605 GC heap before
{Heap before GC invocations=46 (full 0):
 garbage-first heap   total 486400K, used 355840K [0x0000000080000000, 0x0000000100000000)
  region size 1024K, 88 young (90112K), 2 survivors (2048K)
 Metaspace       used 118960K, committed 119744K, reserved 1179648K
  class space    used 16571K, committed 16960K, reserved 1048576K
}
Event: 23.619 GC heap after
{Heap after GC invocations=47 (full 0):
 garbage-first heap   total 486400K, used 280996K [0x0000000080000000, 0x0000000100000000)
  region size 1024K, 11 young (11264K), 11 survivors (11264K)
 Metaspace       used 118960K, committed 119744K, reserved 1179648K
  class space    used 16571K, committed 16960K, reserved 1048576K
}
Event: 24.088 GC heap before
{Heap before GC invocations=47 (full 0):
 garbage-first heap   total 486400K, used 367012K [0x0000000080000000, 0x0000000100000000)
  region size 1024K, 96 young (98304K), 11 survivors (11264K)
 Metaspace       used 120137K, committed 120960K, reserved 1179648K
  class space    used 16753K, committed 17152K, reserved 1048576K
}
Event: 24.102 GC heap after
{Heap after GC invocations=48 (full 0):
 garbage-first heap   total 486400K, used 285235K [0x0000000080000000, 0x0000000100000000)
  region size 1024K, 9 young (9216K), 9 survivors (9216K)
 Metaspace       used 120137K, committed 120960K, reserved 1179648K
  class space    used 16753K, committed 17152K, reserved 1048576K
}
Event: 24.419 GC heap before
{Heap before GC invocations=48 (full 0):
 garbage-first heap   total 486400K, used 374323K [0x0000000080000000, 0x0000000100000000)
  region size 1024K, 97 young (99328K), 9 survivors (9216K)
 Metaspace       used 122043K, committed 122816K, reserved 1179648K
  class space    used 16934K, committed 17280K, reserved 1048576K
}
Event: 24.432 GC heap after
{Heap after GC invocations=49 (full 0):
 garbage-first heap   total 486400K, used 289249K [0x0000000080000000, 0x0000000100000000)
  region size 1024K, 6 young (6144K), 6 survivors (6144K)
 Metaspace       used 122043K, committed 122816K, reserved 1179648K
  class space    used 16934K, committed 17280K, reserved 1048576K
}
Event: 24.933 GC heap before
{Heap before GC invocations=49 (full 0):
 garbage-first heap   total 486400K, used 386529K [0x0000000080000000, 0x0000000100000000)
  region size 1024K, 98 young (100352K), 6 survivors (6144K)
 Metaspace       used 123310K, committed 124160K, reserved 1179648K
  class space    used 17099K, committed 17536K, reserved 1048576K
}
Event: 24.951 GC heap after
{Heap after GC invocations=50 (full 0):
 garbage-first heap   total 550912K, used 295679K [0x0000000080000000, 0x0000000100000000)
  region size 1024K, 9 young (9216K), 9 survivors (9216K)
 Metaspace       used 123310K, committed 124160K, reserved 1179648K
  class space    used 17099K, committed 17536K, reserved 1048576K
}
Event: 26.475 GC heap before
{Heap before GC invocations=50 (full 0):
 garbage-first heap   total 550912K, used 450303K [0x0000000080000000, 0x0000000100000000)
  region size 1024K, 143 young (146432K), 9 survivors (9216K)
 Metaspace       used 126437K, committed 127296K, reserved 1179648K
  class space    used 17494K, committed 17920K, reserved 1048576K
}
Event: 26.495 GC heap after
{Heap after GC invocations=51 (full 0):
 garbage-first heap   total 550912K, used 319713K [0x0000000080000000, 0x0000000100000000)
  region size 1024K, 17 young (17408K), 17 survivors (17408K)
 Metaspace       used 126437K, committed 127296K, reserved 1179648K
  class space    used 17494K, committed 17920K, reserved 1048576K
}
Event: 27.184 GC heap before
{Heap before GC invocations=51 (full 0):
 garbage-first heap   total 550912K, used 468193K [0x0000000080000000, 0x0000000100000000)
  region size 1024K, 138 young (141312K), 17 survivors (17408K)
 Metaspace       used 127871K, committed 128768K, reserved 1179648K
  class space    used 17693K, committed 18112K, reserved 1048576K
}
Event: 27.221 GC heap after
{Heap after GC invocations=52 (full 0):
 garbage-first heap   total 550912K, used 356073K [0x0000000080000000, 0x0000000100000000)
  region size 1024K, 18 young (18432K), 18 survivors (18432K)
 Metaspace       used 127871K, committed 128768K, reserved 1179648K
  class space    used 17693K, committed 18112K, reserved 1048576K
}
Event: 44.459 GC heap before
{Heap before GC invocations=52 (full 0):
 garbage-first heap   total 550912K, used 462569K [0x0000000080000000, 0x0000000100000000)
  region size 1024K, 112 young (114688K), 18 survivors (18432K)
 Metaspace       used 129486K, committed 130432K, reserved 1179648K
  class space    used 17899K, committed 18368K, reserved 1048576K
}
Event: 44.489 GC heap after
{Heap after GC invocations=53 (full 0):
 garbage-first heap   total 550912K, used 349131K [0x0000000080000000, 0x0000000100000000)
  region size 1024K, 2 young (2048K), 2 survivors (2048K)
 Metaspace       used 129486K, committed 130432K, reserved 1179648K
  class space    used 17899K, committed 18368K, reserved 1048576K
}

